[2026-01-26T16:01:48.842Z] [migrate] INFO: Running migrations on start
[2026-01-26T16:01:48.888Z] [migrate] INFO: Migrations applied
[2026-01-26T16:01:48.890Z] [server] INFO: Server listening on 4000
Migration failed Error: Migration file not found: /app/backend/db/schema.sql
    at runMigrations (/app/backend/dist/migrate.js:29:15)
    at Object.<anonymous> (/app/backend/dist/migrate.js:43:5)
    at Module._compile (node:internal/modules/cjs/loader:1364:14)
    at Module._extensions..js (node:internal/modules/cjs/loader:1422:10)
    at Module.load (node:internal/modules/cjs/loader:1203:32)
    at Module._load (node:internal/modules/cjs/loader:1019:12)
    at Function.executeUserEntryPoint [as runMain] (node:internal/modules/run_main:128:12)
    at node:internal/main/run_main_module:28:49
[2026-01-26T19:26:51.064Z] [migrate] INFO: Running migrations on start
[2026-01-26T19:26:51.067Z] [migrate] ERROR: ["Migration failed",{}]
Migrations applied
[2026-01-26T19:51:06.261Z] [migrate] INFO: Running migrations on start
[2026-01-26T19:51:06.261Z] [migrate] INFO: Running migrations on start
[2026-01-26T19:51:06.306Z] [migrate] INFO: Migrations applied
[2026-01-26T19:51:06.308Z] [server] INFO: Server listening on 4000
[2026-01-26T19:51:06.306Z] [migrate] INFO: Migrations applied
[2026-01-26T19:51:06.308Z] [server] INFO: Server listening on 4000
Migrations applied
[2026-01-26T19:52:58.055Z] [migrate] INFO: Running migrations on start
[2026-01-26T19:52:58.055Z] [migrate] INFO: Running migrations on start
[2026-01-26T19:52:58.094Z] [migrate] INFO: Migrations applied
[2026-01-26T19:52:58.095Z] [server] INFO: Server listening on 4000
[2026-01-26T19:52:58.094Z] [migrate] INFO: Migrations applied
[2026-01-26T19:52:58.095Z] [server] INFO: Server listening on 4000
[2026-01-26T19:59:43.799Z] [auth] INFO: {"requestId":"mkvlcxjw-az4gij","action":"register","user":"dc074e00-5c44-49fc-8943-cd1ce85bd038","email":"test@test.de"}
[2026-01-26T19:59:43.799Z] [auth] INFO: {"requestId":"mkvlcxjw-az4gij","action":"register","user":"dc074e00-5c44-49fc-8943-cd1ce85bd038","email":"test@test.de"}
[2026-01-26T20:03:25.091Z] [auth] INFO: {"requestId":"mkvlhob1-0uk2fl","action":"register","user":"7dfeb8ee-9a0c-4b2c-8f8f-425117996b3d","email":"test@test.de"}
[2026-01-26T20:03:25.091Z] [auth] INFO: {"requestId":"mkvlhob1-0uk2fl","action":"register","user":"7dfeb8ee-9a0c-4b2c-8f8f-425117996b3d","email":"test@test.de"}
[2026-01-26T20:04:07.697Z] [auth] INFO: {"requestId":"mkvlil6b-8s1y81","action":"login","user":"7dfeb8ee-9a0c-4b2c-8f8f-425117996b3d","email":"test@test.de"}
[2026-01-26T20:04:07.697Z] [auth] INFO: {"requestId":"mkvlil6b-8s1y81","action":"login","user":"7dfeb8ee-9a0c-4b2c-8f8f-425117996b3d","email":"test@test.de"}
